Using pre-set license
Built from '2020.3/release' branch; Version is '2020.3.2f1 (8fd9074bf66c) revision 9427207'; Using compiler version '192528614'; Build Type 'Release'
OS: 'Windows 10 Enterprise; OS build 18363.1500; Version 1909; 64bit' Language: 'es' Physical Memory: 7098 MB
BatchMode: 1, IsHumanControllingUs: 0, StartBugReporterOnCrash: 0, Is64bit: 1, IsPro: 0

 COMMAND LINE ARGUMENTS:
C:\Program Files\UnityProjects\2020.3.2f1\Editor\Unity.exe
-adb2
-batchMode
-noUpm
-name
AssetImportWorker4
-projectPath
C:/Users/A10Lenovo/Desktop/Juego1_0/Juego_1
-logFile
Logs/AssetImportWorker4.log
-srvPort
55758
Successfully changed project path to: C:/Users/A10Lenovo/Desktop/Juego1_0/Juego_1
C:/Users/A10Lenovo/Desktop/Juego1_0/Juego_1
Using Asset Import Pipeline V2.
