Using pre-set license
Built from '2020.3/release' branch; Version is '2020.3.2f1 (8fd9074bf66c) revision 9427207'; Using compiler version '192528614'; Build Type 'Release'
OS: 'Windows 10 Enterprise; OS build 18363.1500; Version 1909; 64bit' Language: 'es' Physical Memory: 7098 MB
BatchMode: 1, IsHumanControllingUs: 0, StartBugReporterOnCrash: 0, Is64bit: 1, IsPro: 0

 COMMAND LINE ARGUMENTS:
C:\Program Files\UnityProjects\2020.3.2f1\Editor\Unity.exe
-adb2
-batchMode
-noUpm
-name
AssetImportWorker6
-projectPath
C:/Users/A10Lenovo/Desktop/Juego1_0/Juego_1
-logFile
Logs/AssetImportWorker6.log
-srvPort
55758
Successfully changed project path to: C:/Users/A10Lenovo/Desktop/Juego1_0/Juego_1
C:/Users/A10Lenovo/Desktop/Juego1_0/Juego_1
Using Asset Import Pipeline V2.
Refreshing native plugins compatible for Editor in 329.04 ms, found 0 plugins.
Preloading 0 native plugins for Editor in 0.00 ms.
Initialize engine version: 2020.3.2f1 (8fd9074bf66c)
[Subsystems] Discovering subsystems at path C:/Program Files/UnityProjects/2020.3.2f1/Editor/Data/Resources/UnitySubsystems
[Subsystems] Discovering subsystems at path C:/Users/A10Lenovo/Desktop/Juego1_0/Juego_1/Assets
GfxDevice: creating device client; threaded=0
Direct3D:
    Version:  Direct3D 11.0 [level 11.1]
    Renderer: AMD Radeon(TM) R6 Graphics (ID=0x130a)
    Vendor:   
    VRAM:     3549 MB
    Driver:   27.20.1034.6
Initialize mono
Mono path[0] = 'C:/Program Files/UnityProjects/2020.3.2f1/Editor/Data/Managed'
Mono path[1] = 'C:/Program Files/UnityProjects/2020.3.2f1/Editor/Data/MonoBleedingEdge/lib/mono/unityjit'
Mono config path = 'C:/Program Files/UnityProjects/2020.3.2f1/Editor/Data/MonoBleedingEdge/etc'
Using monoOptions --debugger-agent=transport=dt_socket,embedding=1,server=y,suspend=n,address=127.0.0.1:56896
Begin MonoManager ReloadAssembly
Registering precompiled unity dll's ...
Register platform support module: C:/Program Files/UnityProjects/2020.3.2f1/Editor/Data/PlaybackEngines/WindowsStandaloneSupport/UnityEditor.WindowsStandalone.Extensions.dll
Registered in 0.007576 seconds.
Native extension for WindowsStandalone target not found
Refreshing native plugins compatible for Editor in 83.53 ms, found 0 plugins.
Preloading 0 native plugins for Editor in 0.00 ms.
Invoked RoslynAnalysisRunner static constructor.
RoslynAnalysisRunner will not be running.
RoslynAnalysisRunner has terminated.
Mono: successfully reloaded assembly
- Completed reload, in  7.177 seconds
Platform modules already initialized, skipping
Registering precompiled user dll's ...
Registered in 0.002292 seconds.
Begin MonoManager ReloadAssembly
Native extension for WindowsStandalone target not found
Refreshing native plugins compatible for Editor in 0.60 ms, found 0 plugins.
Preloading 0 native plugins for Editor in 0.00 ms.
Invoked RoslynAnalysisRunner static constructor.
RoslynAnalysisRunner will not be running.
RoslynAnalysisRunner has terminated.
Mono: successfully reloaded assembly
- Completed reload, in  2.593 seconds
Platform modules already initialized, skipping
========================================================================
Worker process is ready to serve import requests
Launched and connected shader compiler UnityShaderCompiler.exe after 0.13 seconds
Refreshing native plugins compatible for Editor in 0.72 ms, found 0 plugins.
Preloading 0 native plugins for Editor in 0.00 ms.
Unloading 1166 Unused Serialized files (Serialized files now loaded: 0)
System memory in use before: 84.9 MB.
System memory in use after: 84.9 MB.

Unloading 9 unused Assets to reduce memory usage. Loaded Objects now: 1635.
Total: 6.100800 ms (FindLiveObjects: 0.491500 ms CreateObjectMapping: 0.133100 ms MarkObjects: 5.200500 ms  DeleteObjects: 0.270300 ms)

========================================================================
Received Import Request.
  path: Assets/_Scrips/Target.cs
  artifactKey: Guid(afec9b63222a0364da096fd30bf11257) Importer(815301076,1909f56bfc062723c751e8b465ee728b)
Start importing Assets/_Scrips/Target.cs using Guid(afec9b63222a0364da096fd30bf11257) Importer(815301076,1909f56bfc062723c751e8b465ee728b)  -> (artifact id: '257f909cdc92e3ae4cea65bf86edbfbc') in 0.117924 seconds
  Import took 0.130372 seconds .

========================================================================
Received Prepare
Registering precompiled user dll's ...
Registered in 0.001951 seconds.
Begin MonoManager ReloadAssembly
Native extension for WindowsStandalone target not found
Refreshing native plugins compatible for Editor in 0.62 ms, found 0 plugins.
Preloading 0 native plugins for Editor in 0.00 ms.
Invoked RoslynAnalysisRunner static constructor.
RoslynAnalysisRunner will not be running.
RoslynAnalysisRunner has terminated.
Mono: successfully reloaded assembly
- Completed reload, in  2.738 seconds
Platform modules already initialized, skipping
Refreshing native plugins compatible for Editor in 0.64 ms, found 0 plugins.
Preloading 0 native plugins for Editor in 0.00 ms.
Unloading 1147 Unused Serialized files (Serialized files now loaded: 0)
System memory in use before: 83.5 MB.
System memory in use after: 83.5 MB.

Unloading 5 unused Assets to reduce memory usage. Loaded Objects now: 1638.
Total: 4.936800 ms (FindLiveObjects: 0.775500 ms CreateObjectMapping: 0.107700 ms MarkObjects: 3.876300 ms  DeleteObjects: 0.174400 ms)

========================================================================
Received Import Request.
  Time since last request: 1818.694586 seconds.
  path: Assets/Prefabs/Good2.prefab
  artifactKey: Guid(da2aace71eadd7144b587f43c1f48375) Importer(815301076,1909f56bfc062723c751e8b465ee728b)
Start importing Assets/Prefabs/Good2.prefab using Guid(da2aace71eadd7144b587f43c1f48375) Importer(815301076,1909f56bfc062723c751e8b465ee728b)  -> (artifact id: 'e1f72e68dbc38c86dbc639760aeda802') in 0.326497 seconds
  Import took 0.333226 seconds .

========================================================================
Received Import Request.
  Time since last request: 0.000505 seconds.
  path: Assets/Prefabs/Good1.prefab
  artifactKey: Guid(9306efc74dcf27a458f807d01bcf9d97) Importer(815301076,1909f56bfc062723c751e8b465ee728b)
Start importing Assets/Prefabs/Good1.prefab using Guid(9306efc74dcf27a458f807d01bcf9d97) Importer(815301076,1909f56bfc062723c751e8b465ee728b)  -> (artifact id: '8f8f5ca5b3e51bdc44382a4c15149cb0') in 0.077081 seconds
  Import took 0.084015 seconds .

========================================================================
Received Import Request.
  Time since last request: 0.000449 seconds.
  path: Assets/Prefabs/Bad1.prefab
  artifactKey: Guid(ef95007e34a80f34fad7abf79859e48c) Importer(815301076,1909f56bfc062723c751e8b465ee728b)
Start importing Assets/Prefabs/Bad1.prefab using Guid(ef95007e34a80f34fad7abf79859e48c) Importer(815301076,1909f56bfc062723c751e8b465ee728b)  -> (artifact id: '8ca8449118e9e67a18facf1fed35f5a5') in 0.199805 seconds
  Import took 0.206827 seconds .

========================================================================
Received Import Request.
  Time since last request: 0.000828 seconds.
  path: Assets/_Scrips/Target.cs
  artifactKey: Guid(afec9b63222a0364da096fd30bf11257) Importer(815301076,1909f56bfc062723c751e8b465ee728b)
Start importing Assets/_Scrips/Target.cs using Guid(afec9b63222a0364da096fd30bf11257) Importer(815301076,1909f56bfc062723c751e8b465ee728b)  -> (artifact id: '72ee1ce8035d201525b6083efad02449') in 0.011835 seconds
  Import took 0.018807 seconds .

========================================================================
Received Import Request.
  Time since last request: 0.000524 seconds.
  path: Assets/Prefabs/Good3.prefab
  artifactKey: Guid(30a3c63fe11f6864ca5f088d3f97595a) Importer(815301076,1909f56bfc062723c751e8b465ee728b)
Start importing Assets/Prefabs/Good3.prefab using Guid(30a3c63fe11f6864ca5f088d3f97595a) Importer(815301076,1909f56bfc062723c751e8b465ee728b)  -> (artifact id: '1bde5184f8e59be86d0e0a37e04d589f') in 0.103179 seconds
  Import took 0.111569 seconds .

========================================================================
Received Import Request.
  Time since last request: 55.922235 seconds.
  path: Assets/Prefabs/Bad1.prefab
  artifactKey: Guid(ef95007e34a80f34fad7abf79859e48c) Importer(815301076,1909f56bfc062723c751e8b465ee728b)
Start importing Assets/Prefabs/Bad1.prefab using Guid(ef95007e34a80f34fad7abf79859e48c) Importer(815301076,1909f56bfc062723c751e8b465ee728b)  -> (artifact id: '24afbe10b47a9c0aa2612926b33f1ad1') in 0.077287 seconds
  Import took 0.087925 seconds .

========================================================================
Received Import Request.
  Time since last request: 64.317838 seconds.
  path: Assets/Prefabs/Good1.prefab
  artifactKey: Guid(9306efc74dcf27a458f807d01bcf9d97) Importer(815301076,1909f56bfc062723c751e8b465ee728b)
Start importing Assets/Prefabs/Good1.prefab using Guid(9306efc74dcf27a458f807d01bcf9d97) Importer(815301076,1909f56bfc062723c751e8b465ee728b)  -> (artifact id: 'aaca5eebaa820086d2d9099f2241e710') in 0.043532 seconds
  Import took 0.050526 seconds .

========================================================================
Received Import Request.
  Time since last request: 26.862519 seconds.
  path: Assets/Prefabs/Good2.prefab
  artifactKey: Guid(da2aace71eadd7144b587f43c1f48375) Importer(815301076,1909f56bfc062723c751e8b465ee728b)
Start importing Assets/Prefabs/Good2.prefab using Guid(da2aace71eadd7144b587f43c1f48375) Importer(815301076,1909f56bfc062723c751e8b465ee728b)  -> (artifact id: '1705be537daf51836da51ce2a20d8c94') in 0.045140 seconds
  Import took 0.052248 seconds .

========================================================================
Received Import Request.
  Time since last request: 23.824301 seconds.
  path: Assets/Prefabs/Good3.prefab
  artifactKey: Guid(30a3c63fe11f6864ca5f088d3f97595a) Importer(815301076,1909f56bfc062723c751e8b465ee728b)
Start importing Assets/Prefabs/Good3.prefab using Guid(30a3c63fe11f6864ca5f088d3f97595a) Importer(815301076,1909f56bfc062723c751e8b465ee728b)  -> (artifact id: '970b78efe3dc103c6d5a73c9ff674970') in 0.037548 seconds
  Import took 0.046544 seconds .

========================================================================
Received Prepare
Registering precompiled user dll's ...
Registered in 0.002148 seconds.
Begin MonoManager ReloadAssembly
Native extension for WindowsStandalone target not found
Refreshing native plugins compatible for Editor in 0.80 ms, found 0 plugins.
Preloading 0 native plugins for Editor in 0.00 ms.
Invoked RoslynAnalysisRunner static constructor.
RoslynAnalysisRunner will not be running.
RoslynAnalysisRunner has terminated.
Mono: successfully reloaded assembly
- Completed reload, in  2.760 seconds
Platform modules already initialized, skipping
Refreshing native plugins compatible for Editor in 0.86 ms, found 0 plugins.
Preloading 0 native plugins for Editor in 0.00 ms.
Unloading 1147 Unused Serialized files (Serialized files now loaded: 0)
System memory in use before: 86.6 MB.
System memory in use after: 86.7 MB.

Unloading 5 unused Assets to reduce memory usage. Loaded Objects now: 1649.
Total: 9.289800 ms (FindLiveObjects: 0.707700 ms CreateObjectMapping: 0.133900 ms MarkObjects: 6.623100 ms  DeleteObjects: 1.818400 ms)

========================================================================
Received Prepare
Registering precompiled user dll's ...
Registered in 0.002195 seconds.
Begin MonoManager ReloadAssembly
Native extension for WindowsStandalone target not found
Refreshing native plugins compatible for Editor in 1.25 ms, found 0 plugins.
Preloading 0 native plugins for Editor in 0.00 ms.
Invoked RoslynAnalysisRunner static constructor.
RoslynAnalysisRunner will not be running.
RoslynAnalysisRunner has terminated.
Mono: successfully reloaded assembly
- Completed reload, in  2.753 seconds
Platform modules already initialized, skipping
Refreshing native plugins compatible for Editor in 0.69 ms, found 0 plugins.
Preloading 0 native plugins for Editor in 0.00 ms.
Unloading 1147 Unused Serialized files (Serialized files now loaded: 0)
System memory in use before: 86.6 MB.
System memory in use after: 86.7 MB.

Unloading 5 unused Assets to reduce memory usage. Loaded Objects now: 1652.
Total: 4.715100 ms (FindLiveObjects: 0.459600 ms CreateObjectMapping: 0.096700 ms MarkObjects: 3.951900 ms  DeleteObjects: 0.203100 ms)

========================================================================
Received Prepare
Registering precompiled user dll's ...
Registered in 0.002282 seconds.
Begin MonoManager ReloadAssembly
Native extension for WindowsStandalone target not found
Refreshing native plugins compatible for Editor in 0.62 ms, found 0 plugins.
Preloading 0 native plugins for Editor in 0.00 ms.
Invoked RoslynAnalysisRunner static constructor.
RoslynAnalysisRunner will not be running.
RoslynAnalysisRunner has terminated.
Mono: successfully reloaded assembly
- Completed reload, in  2.569 seconds
Platform modules already initialized, skipping
Refreshing native plugins compatible for Editor in 0.67 ms, found 0 plugins.
Preloading 0 native plugins for Editor in 0.00 ms.
Unloading 1147 Unused Serialized files (Serialized files now loaded: 0)
System memory in use before: 86.7 MB.
System memory in use after: 86.7 MB.

Unloading 5 unused Assets to reduce memory usage. Loaded Objects now: 1655.
Total: 4.143600 ms (FindLiveObjects: 0.435300 ms CreateObjectMapping: 0.198000 ms MarkObjects: 3.319900 ms  DeleteObjects: 0.187100 ms)

========================================================================
Received Prepare
Registering precompiled user dll's ...
Registered in 0.002007 seconds.
Begin MonoManager ReloadAssembly
Native extension for WindowsStandalone target not found
Refreshing native plugins compatible for Editor in 0.76 ms, found 0 plugins.
Preloading 0 native plugins for Editor in 0.00 ms.
Invoked RoslynAnalysisRunner static constructor.
RoslynAnalysisRunner will not be running.
RoslynAnalysisRunner has terminated.
Mono: successfully reloaded assembly
- Completed reload, in  2.840 seconds
Platform modules already initialized, skipping
Refreshing native plugins compatible for Editor in 0.73 ms, found 0 plugins.
Preloading 0 native plugins for Editor in 0.00 ms.
Unloading 1147 Unused Serialized files (Serialized files now loaded: 0)
System memory in use before: 86.7 MB.
System memory in use after: 86.7 MB.

Unloading 5 unused Assets to reduce memory usage. Loaded Objects now: 1658.
Total: 6.567100 ms (FindLiveObjects: 0.452600 ms CreateObjectMapping: 0.109000 ms MarkObjects: 5.602300 ms  DeleteObjects: 0.398700 ms)

========================================================================
Received Prepare
Registering precompiled user dll's ...
Registered in 0.002726 seconds.
Begin MonoManager ReloadAssembly
Native extension for WindowsStandalone target not found
Refreshing native plugins compatible for Editor in 0.63 ms, found 0 plugins.
Preloading 0 native plugins for Editor in 0.00 ms.
Invoked RoslynAnalysisRunner static constructor.
RoslynAnalysisRunner will not be running.
RoslynAnalysisRunner has terminated.
Mono: successfully reloaded assembly
- Completed reload, in  2.388 seconds
Platform modules already initialized, skipping
Refreshing native plugins compatible for Editor in 0.61 ms, found 0 plugins.
Preloading 0 native plugins for Editor in 0.00 ms.
Unloading 1147 Unused Serialized files (Serialized files now loaded: 0)
System memory in use before: 86.7 MB.
System memory in use after: 86.7 MB.

Unloading 5 unused Assets to reduce memory usage. Loaded Objects now: 1661.
Total: 4.457100 ms (FindLiveObjects: 0.587200 ms CreateObjectMapping: 0.096900 ms MarkObjects: 3.570400 ms  DeleteObjects: 0.198200 ms)

========================================================================
Received Import Request.
  Time since last request: 1457.763360 seconds.
  path: Assets/TextMesh Pro/Fonts
  artifactKey: Guid(6ab70aee4d56447429c680537fbf93ed) Importer(815301076,1909f56bfc062723c751e8b465ee728b)
Start importing Assets/TextMesh Pro/Fonts using Guid(6ab70aee4d56447429c680537fbf93ed) Importer(815301076,1909f56bfc062723c751e8b465ee728b)  -> (artifact id: 'a3441593631d9ef858cd2659dd405b08') in 0.050557 seconds
  Import took 0.057390 seconds .

========================================================================
Received Import Request.
  Time since last request: 4.815800 seconds.
  path: Assets/TextMesh Pro/Font/budmo jigglish SDF.asset
  artifactKey: Guid(2e4dd9cfd2492d94193acd82516ac37d) Importer(815301076,1909f56bfc062723c751e8b465ee728b)
Start importing Assets/TextMesh Pro/Font/budmo jigglish SDF.asset using Guid(2e4dd9cfd2492d94193acd82516ac37d) Importer(815301076,1909f56bfc062723c751e8b465ee728b)  -> (artifact id: '4e64c1c27a65cc654da29066f5345fc2') in 0.344037 seconds
  Import took 0.350949 seconds .

========================================================================
Received Prepare
Registering precompiled user dll's ...
Registered in 0.002371 seconds.
Begin MonoManager ReloadAssembly
Native extension for WindowsStandalone target not found
Refreshing native plugins compatible for Editor in 0.81 ms, found 0 plugins.
Preloading 0 native plugins for Editor in 0.00 ms.
Invoked RoslynAnalysisRunner static constructor.
RoslynAnalysisRunner will not be running.
RoslynAnalysisRunner has terminated.
Mono: successfully reloaded assembly
- Completed reload, in  2.494 seconds
Platform modules already initialized, skipping
Refreshing native plugins compatible for Editor in 0.62 ms, found 0 plugins.
Preloading 0 native plugins for Editor in 0.00 ms.
Unloading 1147 Unused Serialized files (Serialized files now loaded: 0)
System memory in use before: 86.9 MB.
System memory in use after: 87.0 MB.

Unloading 5 unused Assets to reduce memory usage. Loaded Objects now: 1700.
Total: 4.287200 ms (FindLiveObjects: 0.427800 ms CreateObjectMapping: 0.095800 ms MarkObjects: 3.585100 ms  DeleteObjects: 0.174900 ms)

========================================================================
Received Import Request.
  Time since last request: 860.346521 seconds.
  path: ProjectSettings/TagManager.asset
  artifactKey: Guid(00000000000000003000000000000000) Importer(815301076,1909f56bfc062723c751e8b465ee728b)
Start importing ProjectSettings/TagManager.asset using Guid(00000000000000003000000000000000) Importer(815301076,1909f56bfc062723c751e8b465ee728b)  -> (artifact id: '42690ceba471e188dfd04ada42fb7811') in 0.055092 seconds
  Import took 0.063367 seconds .

========================================================================
Received Import Request.
  Time since last request: 21.943767 seconds.
  path: Assets/Prefabs/Bad1.prefab
  artifactKey: Guid(ef95007e34a80f34fad7abf79859e48c) Importer(815301076,1909f56bfc062723c751e8b465ee728b)
Start importing Assets/Prefabs/Bad1.prefab using Guid(ef95007e34a80f34fad7abf79859e48c) Importer(815301076,1909f56bfc062723c751e8b465ee728b)  -> (artifact id: '25d566e3fe95474114f4784dca61ba36') in 0.281287 seconds
  Import took 0.291551 seconds .

========================================================================
Received Import Request.
  Time since last request: 4.234775 seconds.
  path: Assets/Prefabs/Good1.prefab
  artifactKey: Guid(9306efc74dcf27a458f807d01bcf9d97) Importer(815301076,1909f56bfc062723c751e8b465ee728b)
Start importing Assets/Prefabs/Good1.prefab using Guid(9306efc74dcf27a458f807d01bcf9d97) Importer(815301076,1909f56bfc062723c751e8b465ee728b)  -> (artifact id: 'd1f8fcae073c61c00cb9592870b33a2b') in 0.098753 seconds
  Import took 0.109148 seconds .

========================================================================
Received Import Request.
  Time since last request: 2.974550 seconds.
  path: Assets/Prefabs/Good2.prefab
  artifactKey: Guid(da2aace71eadd7144b587f43c1f48375) Importer(815301076,1909f56bfc062723c751e8b465ee728b)
Start importing Assets/Prefabs/Good2.prefab using Guid(da2aace71eadd7144b587f43c1f48375) Importer(815301076,1909f56bfc062723c751e8b465ee728b)  -> (artifact id: '706dfb22564f11264b69bba5bc41182d') in 0.068129 seconds
  Import took 0.078688 seconds .

========================================================================
Received Import Request.
  Time since last request: 2.676898 seconds.
  path: Assets/Prefabs/Good3.prefab
  artifactKey: Guid(30a3c63fe11f6864ca5f088d3f97595a) Importer(815301076,1909f56bfc062723c751e8b465ee728b)
Start importing Assets/Prefabs/Good3.prefab using Guid(30a3c63fe11f6864ca5f088d3f97595a) Importer(815301076,1909f56bfc062723c751e8b465ee728b)  -> (artifact id: '5a1a52956631b785837171e21addcf9a') in 0.041738 seconds
  Import took 0.049197 seconds .

========================================================================
Received Prepare
Registering precompiled user dll's ...
Registered in 0.002404 seconds.
Begin MonoManager ReloadAssembly
Native extension for WindowsStandalone target not found
Refreshing native plugins compatible for Editor in 0.88 ms, found 0 plugins.
Preloading 0 native plugins for Editor in 0.00 ms.
Invoked RoslynAnalysisRunner static constructor.
RoslynAnalysisRunner will not be running.
RoslynAnalysisRunner has terminated.
Mono: successfully reloaded assembly
- Completed reload, in  2.865 seconds
Platform modules already initialized, skipping
Refreshing native plugins compatible for Editor in 0.74 ms, found 0 plugins.
Preloading 0 native plugins for Editor in 0.00 ms.
Unloading 1147 Unused Serialized files (Serialized files now loaded: 0)
System memory in use before: 87.0 MB.
System memory in use after: 87.0 MB.

Unloading 6 unused Assets to reduce memory usage. Loaded Objects now: 1704.
Total: 4.618800 ms (FindLiveObjects: 0.505700 ms CreateObjectMapping: 0.116900 ms MarkObjects: 3.787000 ms  DeleteObjects: 0.205200 ms)

========================================================================
Received Prepare
Registering precompiled user dll's ...
Registered in 0.002280 seconds.
Begin MonoManager ReloadAssembly
Native extension for WindowsStandalone target not found
Refreshing native plugins compatible for Editor in 0.73 ms, found 0 plugins.
Preloading 0 native plugins for Editor in 0.00 ms.
Invoked RoslynAnalysisRunner static constructor.
RoslynAnalysisRunner will not be running.
RoslynAnalysisRunner has terminated.
Mono: successfully reloaded assembly
- Completed reload, in  4.890 seconds
Platform modules already initialized, skipping
Refreshing native plugins compatible for Editor in 0.87 ms, found 0 plugins.
Preloading 0 native plugins for Editor in 0.00 ms.
Unloading 1147 Unused Serialized files (Serialized files now loaded: 0)
System memory in use before: 87.0 MB.
System memory in use after: 87.0 MB.

Unloading 5 unused Assets to reduce memory usage. Loaded Objects now: 1707.
Total: 5.223100 ms (FindLiveObjects: 0.456900 ms CreateObjectMapping: 0.112100 ms MarkObjects: 4.384200 ms  DeleteObjects: 0.266000 ms)

========================================================================
Received Prepare
Registering precompiled user dll's ...
Registered in 0.002276 seconds.
Begin MonoManager ReloadAssembly
Native extension for WindowsStandalone target not found
Refreshing native plugins compatible for Editor in 0.90 ms, found 0 plugins.
Preloading 0 native plugins for Editor in 0.00 ms.
Invoked RoslynAnalysisRunner static constructor.
RoslynAnalysisRunner will not be running.
RoslynAnalysisRunner has terminated.
Mono: successfully reloaded assembly
- Completed reload, in  2.984 seconds
Platform modules already initialized, skipping
Refreshing native plugins compatible for Editor in 0.77 ms, found 0 plugins.
Preloading 0 native plugins for Editor in 0.00 ms.
Unloading 1147 Unused Serialized files (Serialized files now loaded: 0)
System memory in use before: 87.0 MB.
System memory in use after: 87.0 MB.

Unloading 5 unused Assets to reduce memory usage. Loaded Objects now: 1710.
Total: 5.272400 ms (FindLiveObjects: 0.485300 ms CreateObjectMapping: 0.105400 ms MarkObjects: 4.424400 ms  DeleteObjects: 0.254900 ms)

========================================================================
Received Prepare
Registering precompiled user dll's ...
Registered in 0.002005 seconds.
Begin MonoManager ReloadAssembly
Native extension for WindowsStandalone target not found
Refreshing native plugins compatible for Editor in 1.34 ms, found 0 plugins.
Preloading 0 native plugins for Editor in 0.00 ms.
Invoked RoslynAnalysisRunner static constructor.
RoslynAnalysisRunner will not be running.
RoslynAnalysisRunner has terminated.
Mono: successfully reloaded assembly
- Completed reload, in  3.420 seconds
Platform modules already initialized, skipping
Refreshing native plugins compatible for Editor in 0.65 ms, found 0 plugins.
Preloading 0 native plugins for Editor in 0.00 ms.
Unloading 1147 Unused Serialized files (Serialized files now loaded: 0)
System memory in use before: 87.0 MB.
System memory in use after: 87.0 MB.

Unloading 5 unused Assets to reduce memory usage. Loaded Objects now: 1713.
Total: 4.809400 ms (FindLiveObjects: 0.410100 ms CreateObjectMapping: 0.098600 ms MarkObjects: 4.005100 ms  DeleteObjects: 0.289400 ms)

========================================================================
Received Prepare
Registering precompiled user dll's ...
Registered in 0.002577 seconds.
Begin MonoManager ReloadAssembly
Native extension for WindowsStandalone target not found
Refreshing native plugins compatible for Editor in 0.71 ms, found 0 plugins.
Preloading 0 native plugins for Editor in 0.00 ms.
Invoked RoslynAnalysisRunner static constructor.
RoslynAnalysisRunner will not be running.
RoslynAnalysisRunner has terminated.
Mono: successfully reloaded assembly
- Completed reload, in  2.285 seconds
Platform modules already initialized, skipping
Refreshing native plugins compatible for Editor in 0.64 ms, found 0 plugins.
Preloading 0 native plugins for Editor in 0.00 ms.
Unloading 1147 Unused Serialized files (Serialized files now loaded: 0)
System memory in use before: 87.0 MB.
System memory in use after: 87.1 MB.

Unloading 5 unused Assets to reduce memory usage. Loaded Objects now: 1716.
Total: 4.100500 ms (FindLiveObjects: 0.441800 ms CreateObjectMapping: 0.096800 ms MarkObjects: 3.371500 ms  DeleteObjects: 0.186800 ms)

AssetImportWorkerClient::OnTransportError - code=2 error=End of file
