Using pre-set license
Built from '2020.3/release' branch; Version is '2020.3.2f1 (8fd9074bf66c) revision 9427207'; Using compiler version '192528614'; Build Type 'Release'
OS: 'Windows 10 Enterprise; OS build 18363.1679; Version 1909; 64bit' Language: 'es' Physical Memory: 7098 MB
BatchMode: 1, IsHumanControllingUs: 0, StartBugReporterOnCrash: 0, Is64bit: 1, IsPro: 0

 COMMAND LINE ARGUMENTS:
C:\Program Files\UnityProjects\2020.3.2f1\Editor\Unity.exe
-adb2
-batchMode
-noUpm
-name
AssetImportWorker0
-projectPath
C:/Users/A10Lenovo/Desktop/Juego1_0/Juego_1
-logFile
Logs/AssetImportWorker0.log
-srvPort
58443
Successfully changed project path to: C:/Users/A10Lenovo/Desktop/Juego1_0/Juego_1
C:/Users/A10Lenovo/Desktop/Juego1_0/Juego_1
Using Asset Import Pipeline V2.
Refreshing native plugins compatible for Editor in 101.78 ms, found 1 plugins.
Preloading 0 native plugins for Editor in 0.00 ms.
Initialize engine version: 2020.3.2f1 (8fd9074bf66c)
[Subsystems] Discovering subsystems at path C:/Program Files/UnityProjects/2020.3.2f1/Editor/Data/Resources/UnitySubsystems
[Subsystems] Discovering subsystems at path C:/Users/A10Lenovo/Desktop/Juego1_0/Juego_1/Assets
GfxDevice: creating device client; threaded=0
Direct3D:
    Version:  Direct3D 11.0 [level 11.1]
    Renderer: AMD Radeon(TM) R6 Graphics (ID=0x130a)
    Vendor:   
    VRAM:     3549 MB
    Driver:   27.20.1034.6
Initialize mono
Mono path[0] = 'C:/Program Files/UnityProjects/2020.3.2f1/Editor/Data/Managed'
Mono path[1] = 'C:/Program Files/UnityProjects/2020.3.2f1/Editor/Data/MonoBleedingEdge/lib/mono/unityjit'
Mono config path = 'C:/Program Files/UnityProjects/2020.3.2f1/Editor/Data/MonoBleedingEdge/etc'
Using monoOptions --debugger-agent=transport=dt_socket,embedding=1,server=y,suspend=n,address=127.0.0.1:56264
Begin MonoManager ReloadAssembly
Registering precompiled unity dll's ...
Register platform support module: C:/Program Files/UnityProjects/2020.3.2f1/Editor/Data/PlaybackEngines/WindowsStandaloneSupport/UnityEditor.WindowsStandalone.Extensions.dll
Registered in 0.003482 seconds.
Native extension for WindowsStandalone target not found
Refreshing native plugins compatible for Editor in 105.98 ms, found 1 plugins.
Preloading 0 native plugins for Editor in 0.00 ms.
Invoked RoslynAnalysisRunner static constructor.
RoslynAnalysisRunner will not be running.
RoslynAnalysisRunner has terminated.
Mono: successfully reloaded assembly
- Completed reload, in  4.091 seconds
Platform modules already initialized, skipping
Registering precompiled user dll's ...
Registered in 0.002331 seconds.
Begin MonoManager ReloadAssembly
Native extension for WindowsStandalone target not found
Refreshing native plugins compatible for Editor in 1.03 ms, found 1 plugins.
Preloading 0 native plugins for Editor in 0.00 ms.
Invoked RoslynAnalysisRunner static constructor.
RoslynAnalysisRunner will not be running.
RoslynAnalysisRunner has terminated.
Mono: successfully reloaded assembly
- Completed reload, in  2.154 seconds
Platform modules already initialized, skipping
========================================================================
Worker process is ready to serve import requests
Launched and connected shader compiler UnityShaderCompiler.exe after 0.12 seconds
Refreshing native plugins compatible for Editor in 1.17 ms, found 1 plugins.
Preloading 0 native plugins for Editor in 0.00 ms.
Unloading 1671 Unused Serialized files (Serialized files now loaded: 0)
System memory in use before: 110.9 MB.
System memory in use after: 111.0 MB.

Unloading 15 unused Assets to reduce memory usage. Loaded Objects now: 2147.
Total: 5.589700 ms (FindLiveObjects: 0.600800 ms CreateObjectMapping: 0.135200 ms MarkObjects: 4.496600 ms  DeleteObjects: 0.353100 ms)

========================================================================
Received Import Request.
  path: Assets/Prefabs/Burger.prefab
  artifactKey: Guid(0bf9badeffeea91468617f3b728fb852) Importer(815301076,1909f56bfc062723c751e8b465ee728b)
Start importing Assets/Prefabs/Burger.prefab using Guid(0bf9badeffeea91468617f3b728fb852) Importer(815301076,1909f56bfc062723c751e8b465ee728b)  -> (artifact id: 'a373e7147b605b841cc93d30b88cbe08') in 0.329270 seconds
  Import took 0.337396 seconds .

========================================================================
Received Prepare
Refreshing native plugins compatible for Editor in 5.28 ms, found 1 plugins.
Preloading 0 native plugins for Editor in 0.00 ms.
Unloading 6 Unused Serialized files (Serialized files now loaded: 0)
System memory in use before: 79.9 MB.
System memory in use after: 80.0 MB.

Unloading 6 unused Assets to reduce memory usage. Loaded Objects now: 2155.
Total: 6.864300 ms (FindLiveObjects: 0.629800 ms CreateObjectMapping: 0.149000 ms MarkObjects: 5.807900 ms  DeleteObjects: 0.272100 ms)

========================================================================
Received Import Request.
  Time since last request: 407.693551 seconds.
  path: Assets/_Scrips/Target.cs
  artifactKey: Guid(afec9b63222a0364da096fd30bf11257) Importer(815301076,1909f56bfc062723c751e8b465ee728b)
Start importing Assets/_Scrips/Target.cs using Guid(afec9b63222a0364da096fd30bf11257) Importer(815301076,1909f56bfc062723c751e8b465ee728b)  -> (artifact id: 'f6f76236e7192f8116871f2f0ceca8aa') in 0.032180 seconds
  Import took 0.045863 seconds .

========================================================================
Received Prepare
Registering precompiled user dll's ...
Registered in 0.002900 seconds.
Begin MonoManager ReloadAssembly
Native extension for WindowsStandalone target not found
Refreshing native plugins compatible for Editor in 1.06 ms, found 1 plugins.
Preloading 0 native plugins for Editor in 0.00 ms.
Invoked RoslynAnalysisRunner static constructor.
RoslynAnalysisRunner will not be running.
RoslynAnalysisRunner has terminated.
Mono: successfully reloaded assembly
- Completed reload, in  3.875 seconds
Platform modules already initialized, skipping
Switching build target platform(5) subTarget(0) extendedPlatform(0) -> platform(13) subTarget(537395328) extendedPlatform(0)
Refreshing native plugins compatible for Editor in 1.63 ms, found 1 plugins.
Preloading 0 native plugins for Editor in 0.00 ms.
Unloading 1650 Unused Serialized files (Serialized files now loaded: 0)
System memory in use before: 111.5 MB.
System memory in use after: 111.6 MB.

Unloading 8 unused Assets to reduce memory usage. Loaded Objects now: 2159.
Total: 4.995900 ms (FindLiveObjects: 0.505400 ms CreateObjectMapping: 0.124200 ms MarkObjects: 4.200900 ms  DeleteObjects: 0.162100 ms)

AssetImportParameters requested are different than current active one (requested -> active):
  custom:graphics/normal-map-encoding: 01000000000000000000000000000000 -> 02000000000000000000000000000000
========================================================================
Received Prepare
Refreshing native plugins compatible for Editor in 7.06 ms, found 1 plugins.
Preloading 0 native plugins for Editor in 0.00 ms.
Unloading 6 Unused Serialized files (Serialized files now loaded: 0)
System memory in use before: 79.8 MB.
System memory in use after: 79.9 MB.

Unloading 6 unused Assets to reduce memory usage. Loaded Objects now: 2159.
Total: 7.796400 ms (FindLiveObjects: 0.594500 ms CreateObjectMapping: 0.165800 ms MarkObjects: 6.675100 ms  DeleteObjects: 0.357000 ms)

AssetImportWorkerClient::OnTransportError - code=2 error=End of file
